510
1
1
1
2
3
3 771 870
2
4 589
2
5 364
21
6 16 23 29 135 190 203 244 276 284 328 404 416 588 600 685 721 744 759 916 977
3
7 242 729
1
8
1
9
1
10
1
11
4
12 633 779 911
11
13 40 45 154 339 501 587 737 790 932 991
1
14
7
15 70 87 123 141 856 944
5
17 241 592 700 896
78
18 21 22 24 37 73 74 122 128 134 164 172 179 180 194 212 230 233 251 256 266 275 285 286 296 302 315 316 317 321 330 342 351 360 366 369 375 427 431 455 467 491 550 573 582 593 595 624 629 630 669 696 699 705 722 723 732 742 743 763 772 773 774 807 809 817 824 828 829 849 857 869 871 880 904 950 966 986
56
19 42 61 64 68 72 77 99 115 150 155 157 158 201 202 227 249 258 261 271 283 290 292 326 350 389 405 411 421 439 443 472 478 500 520 543 548 572 603 640 708 727 747 776 782 796 808 831 832 865 892 895 947 948 953 967
1
20
1
25
1
26
1
27
1
28
1
30
5
31 47 301 433 855
5
32 451 632 789 910
2
33 672
2
34 532
1
35
1
36
4
38 265 513 653
3
39 309 435
3
41 221 506
2
43 654
27
44 136 159 162 177 207 370 410 425 446 449 493 514 518 544 553 566 571 583 585 594 643 851 876 979 993 997
1
46
8
48 171 474 534 637 650 764 917
4
49 196 605 814
2
50 509
2
51 89
3
52 397 658
1
53
1
54
4
55 148 379 879
1
56
2
57 240
2
58 815
2
59 647
2
60 867
1
62
1
63
1
65
1
66
2
67 748
6
69 299 510 679 826 844
1
71
23
75 120 144 200 215 226 228 323 344 346 417 444 447 464 465 526 567 578 636 804 862 898 958
1
76
2
78 724
1
79
1
80
1
81
1
82
1
83
9
84 126 188 294 403 456 728 767 901
6
85 109 601 695 702 971
1
86
1
88
1
90
3
91 149 854
2
92 619
1
93
8
94 396 448 706 805 837 973 983
3
95 659 863
1
96
1
97
3
98 319 488
1
100
2
101 885
1
102
2
103 232
1
104
1
105
1
106
1
107
4
108 174 388 628
1
110
1
111
4
112 295 352 941
1
113
1
114
3
116 883 994
2
117 198
4
118 560 806 962
1
119
4
121 713 783 922
2
124 497
1
125
1
127
18
129 139 152 210 254 287 288 398 423 424 469 470 554 604 908 921 984 1000
8
130 303 466 635 830 833 886 995
2
131 538
1
132
6
133 165 598 786 792 864
1
137
1
138
1
140
7
142 217 308 381 710 765 811
1
143
4
145 205 498 711
1
146
1
147
1
151
2
153 390
1
156
1
160
1
161
1
163
1
166
2
167 529
1
168
1
169
1
170
1
173
5
175 530 584 646 978
2
176 838
1
178
1
181
1
182
1
183
1
184
1
185
1
186
1
187
1
189
1
191
1
192
1
193
1
195
3
197 676 928
2
199 348
2
204 800
2
206 843
2
208 280
10
209 248 418 503 615 652 703 707 716 915
2
211 682
4
213 502 523 753
2
214 247
1
216
1
218
1
219
1
220
1
222
3
223 667 848
2
224 481
3
225 282 799
1
229
2
231 468
1
234
1
235
1
236
2
237 671
1
238
3
239 657 890
1
243
3
245 434 925
1
246
4
250 257 570 961
1
252
1
253
4
255 545 645 760
11
259 298 312 492 625 631 736 850 860 903 933
1
260
1
262
2
263 714
1
264
1
267
1
268
1
269
2
270 902
2
272 964
2
273 394
1
274
2
277 740
1
278
3
279 536 974
1
281
2
289 884
1
291
1
293
1
297
1
300
2
304 476
2
305 353
4
306 580 735 907
1
307
2
310 487
1
311
1
313
1
314
1
318
2
320 556
1
322
1
324
1
325
1
327
1
329
3
331 359 609
1
332
3
333 436 913
1
334
3
335 450 531
1
336
1
337
1
338
1
340
2
341 866
1
343
2
345 378
1
347
1
349
1
354
2
355 734
1
356
1
357
1
358
1
361
1
362
1
363
2
365 515
1
367
1
368
1
371
2
372 712
1
373
1
374
1
376
5
377 453 611 813 987
1
380
1
382
3
383 678 778
1
384
1
385
2
386 858
2
387 641
1
391
1
392
1
393
1
395
1
399
3
400 791 943
1
401
2
402 499
2
406 889
1
407
1
408
3
409 577 788
2
412 875
1
413
1
414
1
415
1
419
1
420
1
422
1
426
2
428 989
1
429
1
430
1
432
1
437
1
438
2
440 861
1
441
1
442
1
445
1
452
1
454
2
457 965
1
458
1
459
1
460
1
461
1
462
1
463
1
471
1
473
1
475
1
477
1
479
2
480 655
1
482
1
483
3
484 596 670
2
485 981
1
486
1
489
3
490 872 924
2
494 684
1
495
1
496
1
504
1
505
1
507
1
508
3
511 656 990
1
512
1
516
1
517
1
519
1
521
2
522 970
1
524
1
525
1
527
2
528 897
1
533
1
535
1
537
1
539
3
540 749 891
1
541
1
542
1
546
1
547
1
549
1
551
1
552
1
555
1
557
3
558 709 801
1
559
1
561
1
562
1
563
1
564
1
565
1
568
1
569
4
574 693 874 923
1
575
1
576
1
579
1
581
1
586
2
590 823
1
591
1
597
1
599
1
602
1
606
1
607
1
608
1
610
1
612
1
613
1
614
1
616
1
617
1
618
1
620
2
621 738
1
622
1
623
1
626
1
627
1
634
1
638
2
639 825
1
642
1
644
2
648 681
1
649
2
651 739
1
660
1
661
1
662
1
663
1
664
1
665
1
666
1
668
1
673
1
674
1
675
1
677
1
680
1
683
3
686 802 963
1
687
1
688
2
689 960
2
690 985
1
691
1
692
1
694
1
697
1
698
1
701
1
704
1
715
1
717
1
718
1
719
1
720
2
725 839
1
726
1
730
3
731 938 949
1
733
1
741
1
745
1
746
1
750
2
751 968
1
752
1
754
1
755
1
756
1
757
1
758
1
761
1
762
1
766
1
768
1
769
1
770
1
775
1
777
1
780
1
781
1
784
2
785 819
1
787
1
793
1
794
1
795
1
797
1
798
1
803
1
810
1
812
1
816
1
818
1
820
1
821
1
822
1
827
1
834
1
835
1
836
1
840
1
841
1
842
1
845
1
846
1
847
1
852
1
853
2
859 952
1
868
1
873
1
877
1
878
1
881
1
882
1
887
1
888
1
893
1
894
1
899
1
900
1
905
1
906
1
909
1
912
1
914
1
918
1
919
1
920
1
926
1
927
1
929
1
930
1
931
1
934
1
935
1
936
1
937
1
939
1
940
1
942
1
945
1
946
1
951
1
954
1
955
1
956
1
957
1
959
1
969
1
972
1
975
1
976
1
980
1
982
1
988
1
992
1
996
1
998
1
999
Elapsed Program Time: 0.038054 s
Total number of Sets = 510

